0 info it worked if it ends with ok
1 verbose cli [ '/home/robot/.nvm/versions/node/v6.0.0/bin/node',
1 verbose cli   '/home/robot/.nvm/versions/node/v6.0.0/bin/npm',
1 verbose cli   'run',
1 verbose cli   'build' ]
2 info using npm@3.8.6
3 info using node@v6.0.0
4 verbose run-script [ 'prebuild', 'build', 'postbuild' ]
5 info lifecycle myapp@1.1.0~prebuild: myapp@1.1.0
6 silly lifecycle myapp@1.1.0~prebuild: no script for prebuild, continuing
7 info lifecycle myapp@1.1.0~build: myapp@1.1.0
8 verbose lifecycle myapp@1.1.0~build: unsafe-perm in lifecycle true
9 verbose lifecycle myapp@1.1.0~build: PATH: /home/robot/.nvm/versions/node/v6.0.0/lib/node_modules/npm/bin/node-gyp-bin:/pj/Electron/node_modules/.bin:/home/robot/.nvm/versions/node/v6.0.0/bin:/home/robot/Android/Sdk/tools:/home/robot/Android/Sdk/platform-tools:/home/robot/.nvm/versions/node/v6.0.0/bin:/usr/local/sbin:/usr/local/bin:/usr/sbin:/usr/bin:/sbin:/bin:/usr/games:/usr/local/games
10 verbose lifecycle myapp@1.1.0~build: CWD: /pj/Electron
11 silly lifecycle myapp@1.1.0~build: Args: [ '-c',
11 silly lifecycle   'electron-packager ./Electron MyApp --platform=win32 --arch=x64' ]
12 silly lifecycle myapp@1.1.0~build: Returned: code: 1  signal: null
13 info lifecycle myapp@1.1.0~build: Failed to exec build script
14 verbose stack Error: myapp@1.1.0 build: `electron-packager ./Electron MyApp --platform=win32 --arch=x64`
14 verbose stack Exit status 1
14 verbose stack     at EventEmitter.<anonymous> (/home/robot/.nvm/versions/node/v6.0.0/lib/node_modules/npm/lib/utils/lifecycle.js:239:16)
14 verbose stack     at emitTwo (events.js:106:13)
14 verbose stack     at EventEmitter.emit (events.js:191:7)
14 verbose stack     at ChildProcess.<anonymous> (/home/robot/.nvm/versions/node/v6.0.0/lib/node_modules/npm/lib/utils/spawn.js:24:14)
14 verbose stack     at emitTwo (events.js:106:13)
14 verbose stack     at ChildProcess.emit (events.js:191:7)
14 verbose stack     at maybeClose (internal/child_process.js:850:16)
14 verbose stack     at Process.ChildProcess._handle.onexit (internal/child_process.js:215:5)
15 verbose pkgid myapp@1.1.0
16 verbose cwd /pj/Electron
17 error Linux 4.4.0-22-generic
18 error argv "/home/robot/.nvm/versions/node/v6.0.0/bin/node" "/home/robot/.nvm/versions/node/v6.0.0/bin/npm" "run" "build"
19 error node v6.0.0
20 error npm  v3.8.6
21 error code ELIFECYCLE
22 error myapp@1.1.0 build: `electron-packager ./Electron MyApp --platform=win32 --arch=x64`
22 error Exit status 1
23 error Failed at the myapp@1.1.0 build script 'electron-packager ./Electron MyApp --platform=win32 --arch=x64'.
23 error Make sure you have the latest version of node.js and npm installed.
23 error If you do, this is most likely a problem with the myapp package,
23 error not with npm itself.
23 error Tell the author that this fails on your system:
23 error     electron-packager ./Electron MyApp --platform=win32 --arch=x64
23 error You can get information on how to open an issue for this project with:
23 error     npm bugs myapp
23 error Or if that isn't available, you can get their info via:
23 error     npm owner ls myapp
23 error There is likely additional logging output above.
24 verbose exit [ 1, true ]
